C51 COMPILER V9.54   A4988                                                                 12/11/2017 20:18:14 PAGE 1   


C51 COMPILER V9.54, COMPILATION OF MODULE A4988
OBJECT MODULE PLACED IN .\Objects\A4988.obj
COMPILER INVOKED BY: D:\MDK\C51\BIN\C51.EXE A4988.c LARGE OPTIMIZE(8,SPEED) BROWSE DEBUG OBJECTEXTEND PRINT(.\Listings\A
                    -4988.lst) TABS(2) OBJECT(.\Objects\A4988.obj)

line level    source

   1          #include "A4988.h"
   2          
   3          sbit DIR = P3^7;
   4          sbit STEP = P3^6;
   5          sbit ENA = P3^5;////步进驱动使能口
   6          
   7          void SetPulsePositive (uint Number)//向上
   8          {
   9   1          DIR = 1;
  10   1          ENA = 1;
  11   1          while( Number-- )
  12   1          {
  13   2              STEP = 0;
  14   2              Delay200us();
  15   2              Delay200us();
  16   2              STEP = 1;
  17   2              Delay200us();
  18   2              Delay200us();
  19   2          }
  20   1          ENA = 0;
  21   1      }
  22          
  23          void SetPulseReverse(uint Number)//向下
  24          {
  25   1          DIR = 0;
  26   1          ENA = 1;
  27   1          while( Number-- )
  28   1          {
  29   2              STEP = 0;
  30   2              Delay200us();
  31   2              Delay200us();
  32   2              STEP = 1;
  33   2              Delay200us();
  34   2              Delay200us();
  35   2          }
  36   1          ENA = 0;
  37   1      }
  38          


MODULE INFORMATION:   STATIC OVERLAYABLE
   CODE SIZE        =     94    ----
   CONSTANT SIZE    =   ----    ----
   XDATA SIZE       =   ----       4
   PDATA SIZE       =   ----    ----
   DATA SIZE        =   ----    ----
   IDATA SIZE       =   ----    ----
   BIT SIZE         =   ----    ----
END OF MODULE INFORMATION.


C51 COMPILATION COMPLETE.  0 WARNING(S),  0 ERROR(S)
