C51 COMPILER V9.54   EXTERNAL                                                              12/11/2017 20:18:16 PAGE 1   


C51 COMPILER V9.54, COMPILATION OF MODULE EXTERNAL
OBJECT MODULE PLACED IN .\Objects\external.obj
COMPILER INVOKED BY: D:\MDK\C51\BIN\C51.EXE external.c LARGE OPTIMIZE(8,SPEED) BROWSE DEBUG OBJECTEXTEND PRINT(.\Listing
                    -s\external.lst) TABS(2) OBJECT(.\Objects\external.obj)

line level    source

   1          #include "external.h"
   2          
   3          static char ext0,ext1;   //中断的标志位
   4          
   5          void exint0(void) interrupt 0  //外部中断0的中断服务程序
   6          {
   7   1          ext0 = 1;
   8   1      }
   9          
  10          void ext0_init()    //外部中断0的初始化
  11          {
  12   1          IT0 = 1;
  13   1          EX0 = 1;
  14   1          EA = 1;
  15   1          ext0 = 0;
  16   1      }
  17          
  18          char get_ext0()     //查询是否产生中断
  19          {
  20   1          char temp = ext0;
  21   1          ext0 = 0;
  22   1          return temp;  //返回查询的值
  23   1      }
  24          
  25          void exint1(void) interrupt 2  //外部中断0的中断服务程序
  26          {
  27   1          ext1 = 1;
  28   1      }
  29          
  30          void ext1_init()    //外部中断0的初始化
  31          {
  32   1          IT1 = 1;
  33   1          EX1 = 1;
  34   1          EA = 1;
  35   1          ext1 = 0;
  36   1      }
  37          
  38          char get_ext1()     //查询是否产生中断
  39          {
  40   1          char temp = ext1;
  41   1          ext1 = 0;
  42   1          return temp;  //返回查询的值
  43   1      }
  44          


MODULE INFORMATION:   STATIC OVERLAYABLE
   CODE SIZE        =     78    ----
   CONSTANT SIZE    =   ----    ----
   XDATA SIZE       =      2    ----
   PDATA SIZE       =   ----    ----
   DATA SIZE        =   ----    ----
   IDATA SIZE       =   ----    ----
   BIT SIZE         =   ----    ----
C51 COMPILER V9.54   EXTERNAL                                                              12/11/2017 20:18:16 PAGE 2   

END OF MODULE INFORMATION.


C51 COMPILATION COMPLETE.  0 WARNING(S),  0 ERROR(S)
