C51 COMPILER V9.54   TB6612                                                                12/11/2017 20:18:16 PAGE 1   


C51 COMPILER V9.54, COMPILATION OF MODULE TB6612
OBJECT MODULE PLACED IN .\Objects\TB6612.obj
COMPILER INVOKED BY: D:\MDK\C51\BIN\C51.EXE TB6612.c LARGE OPTIMIZE(8,SPEED) BROWSE DEBUG OBJECTEXTEND PRINT(.\Listings\
                    -TB6612.lst) TABS(2) OBJECT(.\Objects\TB6612.obj)

line level    source

   1          #include "TB6612.h"
   2          
   3          uchar CAR12Speed = 1;
   4          uchar CAR34Speed = 1;//
   5          uchar WaterSpeed = 0;//WaterPwm P2.4
   6          uchar CleanSpeed = 0;//CleanPwm P2.5
   7          uchar LedSpeed = 0;//LedPwm P2.1
   8          
   9          
  10          void Forward()
  11          {
  12   1        CAR1 = 1;
  13   1        CAR2 = 0;
  14   1        CAR3 = 1;
  15   1        CAR4 = 0;
  16   1      }
  17          
  18          void Back()
  19          {
  20   1        CAR1 = 0;
  21   1        CAR2 = 1;
  22   1        CAR3 = 0;
  23   1        CAR4 = 1;
  24   1      }
  25          
  26          void Turnrigth()
  27          {
  28   1        CAR1 = 0;
  29   1        CAR2 = 1;
  30   1        CAR3 = 1;
  31   1        CAR4 = 0;
  32   1      }
  33          
  34          void Turnleft()
  35          {
  36   1        CAR1 = 1;
  37   1        CAR2 = 0;
  38   1        CAR3 = 0;
  39   1        CAR4 = 1;
  40   1      }
  41          
  42          void Stop()
  43          {
  44   1        CAR1 = 0;
  45   1        CAR2 = 0;
  46   1        CAR3 = 0;
  47   1        CAR4 = 0;
  48   1      }
  49          
  50          void SetSpeed(uchar s)//设置速度 值为1-9,1最大 9最小 0时关闭
  51          {
  52   1        CAR12Speed = s;
  53   1        CAR34Speed = s;
  54   1      }
C51 COMPILER V9.54   TB6612                                                                12/11/2017 20:18:16 PAGE 2   

  55          
  56          void StartWater()
  57          {
  58   1        WaterSpeed = 3;
  59   1      }
  60          
  61          void StopWater()
  62          {
  63   1        WaterSpeed = 0;
  64   1      }
  65          
  66          void StartClean()
  67          {
  68   1        CleanSpeed = 3;
  69   1      }
  70          
  71          void StopClean()
  72          {
  73   1        CleanSpeed = 0;
  74   1      }
  75          
  76          void SetLed(uchar num)//num为0时关闭 开启的值为1-9,1最大 9最小
  77          {
  78   1        CAR5 = 0;
  79   1        CAR6 = 1;
  80   1        CAR7 = 0;
  81   1        CAR8 = 1;
  82   1        LedSpeed = num;
  83   1      }
  84          


MODULE INFORMATION:   STATIC OVERLAYABLE
   CODE SIZE        =     93    ----
   CONSTANT SIZE    =   ----    ----
   XDATA SIZE       =      5    ----
   PDATA SIZE       =   ----    ----
   DATA SIZE        =   ----    ----
   IDATA SIZE       =   ----    ----
   BIT SIZE         =   ----    ----
END OF MODULE INFORMATION.


C51 COMPILATION COMPLETE.  0 WARNING(S),  0 ERROR(S)
