C51 COMPILER V9.54   UART2                                                                 12/11/2017 20:18:16 PAGE 1   


C51 COMPILER V9.54, COMPILATION OF MODULE UART2
OBJECT MODULE PLACED IN .\Objects\uart2.obj
COMPILER INVOKED BY: D:\MDK\C51\BIN\C51.EXE uart2.c LARGE OPTIMIZE(8,SPEED) BROWSE DEBUG OBJECTEXTEND PRINT(.\Listings\u
                    -art2.lst) TABS(2) OBJECT(.\Objects\uart2.obj)

line level    source

   1          #include "uart2.h"
   2          
   3          void usart_init()
   4          {
   5   1          S2CON|= 0x50;
   6   1          SCON|= 0x50;          //8-bit variable UART
   7   1          BRT = -(FOSC/32/BAUD);  //Set auto-reload vaule of baudrate generator
   8   1          AUXR|= 0x15;            //Baudrate generator work in 1T mode
   9   1          IE2 |= 0x01;             //Enable UART2 interrupt
  10   1          TR1 = 1;                //Timer1 start run
  11   1          ES = 1;
  12   1          EA = 1;
  13   1      }


MODULE INFORMATION:   STATIC OVERLAYABLE
   CODE SIZE        =     22    ----
   CONSTANT SIZE    =   ----    ----
   XDATA SIZE       =   ----    ----
   PDATA SIZE       =   ----    ----
   DATA SIZE        =   ----    ----
   IDATA SIZE       =   ----    ----
   BIT SIZE         =   ----    ----
END OF MODULE INFORMATION.


C51 COMPILATION COMPLETE.  0 WARNING(S),  0 ERROR(S)
